[2014-03-24 15:50:04] ConsoleTest::testSay.INFO: PASSED [] []
[2014-03-24 15:50:04] ConsoleTest::testSayForeground.INFO: PASSED [] []
[2014-03-24 15:50:04] ConsoleTest::testSayForegroundWithBackground.INFO: PASSED [] []
[2014-03-24 15:50:04] ConsoleTest::testAsk.INFO: PASSED [] []
[2014-03-24 15:50:04] ConsoleTest::testAskWithDefault.INFO: PASSED [] []
[2014-03-24 15:50:04] ConsoleTest::testUnderline.INFO: PASSED [] []
[2014-03-24 15:50:04] ConsoleTest::testUnderlineWithAnotherCharacter.INFO: PASSED [] []
[2014-03-24 15:50:04] OptionsTest::testConstruction.ALERT: Argument #1 of PHPUnit_Framework_Assert::assertInstanceOf() must be a class or interface name [] []
[2014-03-24 15:50:04] OptionsTest::testConstruction.INFO: # ERROR # [] []
[2014-03-24 15:50:04] OptionsTest::testConstruction.INFO: PASSED [] []
[2014-03-24 15:50:04] RouterTest::testMe.INFO: PASSED [] []
[2014-03-24 15:50:55] ConsoleTest::testSay.INFO: PASSED [] []
[2014-03-24 15:50:55] ConsoleTest::testSayForeground.INFO: PASSED [] []
[2014-03-24 15:50:55] ConsoleTest::testSayForegroundWithBackground.INFO: PASSED [] []
[2014-03-24 15:50:55] ConsoleTest::testAsk.INFO: PASSED [] []
[2014-03-24 15:50:55] ConsoleTest::testAskWithDefault.INFO: PASSED [] []
[2014-03-24 15:50:55] ConsoleTest::testUnderline.INFO: PASSED [] []
[2014-03-24 15:50:55] ConsoleTest::testUnderlineWithAnotherCharacter.INFO: PASSED [] []
[2014-03-24 15:50:55] OptionsTest::testConstruction.INFO: PASSED [] []
[2014-03-24 15:50:55] RouterTest::testMe.INFO: PASSED [] []
[2014-03-24 15:56:15] ConsoleTest::testSay.INFO: PASSED [] []
[2014-03-24 15:56:15] ConsoleTest::testSayForeground.INFO: PASSED [] []
[2014-03-24 15:56:15] ConsoleTest::testSayForegroundWithBackground.INFO: PASSED [] []
[2014-03-24 15:56:15] ConsoleTest::testAsk.INFO: PASSED [] []
[2014-03-24 15:56:15] ConsoleTest::testAskWithDefault.INFO: PASSED [] []
[2014-03-24 15:56:15] ConsoleTest::testUnderline.INFO: PASSED [] []
[2014-03-24 15:56:15] ConsoleTest::testUnderlineWithAnotherCharacter.INFO: PASSED [] []
[2014-03-24 15:56:15] OptionsTest::testConstruction.INFO: PASSED [] []
[2014-03-24 15:56:15] RouterTest::testMe.INFO: PASSED [] []
[2014-03-24 16:01:24] ConsoleTest::testSay.INFO: PASSED [] []
[2014-03-24 16:01:24] ConsoleTest::testSayForeground.INFO: PASSED [] []
[2014-03-24 16:01:24] ConsoleTest::testSayForegroundWithBackground.INFO: PASSED [] []
[2014-03-24 16:01:24] ConsoleTest::testAsk.INFO: PASSED [] []
[2014-03-24 16:01:24] ConsoleTest::testAskWithDefault.INFO: PASSED [] []
[2014-03-24 16:01:24] ConsoleTest::testUnderline.INFO: PASSED [] []
[2014-03-24 16:01:24] ConsoleTest::testUnderlineWithAnotherCharacter.INFO: PASSED [] []
[2014-03-24 16:02:03] ConsoleTest::testSay.INFO: PASSED [] []
[2014-03-24 16:02:03] ConsoleTest::testSayForeground.INFO: PASSED [] []
[2014-03-24 16:02:03] ConsoleTest::testSayForegroundWithBackground.INFO: PASSED [] []
[2014-03-24 16:02:03] ConsoleTest::testAsk.INFO: PASSED [] []
[2014-03-24 16:02:03] ConsoleTest::testAskWithDefault.INFO: PASSED [] []
[2014-03-24 16:02:03] ConsoleTest::testUnderline.INFO: PASSED [] []
[2014-03-24 16:02:03] ConsoleTest::testUnderlineWithAnotherCharacter.INFO: PASSED [] []
[2014-03-24 16:06:05] ConsoleTest::testSay.INFO: PASSED [] []
[2014-03-24 16:06:05] ConsoleTest::testSayForeground.INFO: PASSED [] []
[2014-03-24 16:06:05] ConsoleTest::testSayForegroundWithBackground.INFO: PASSED [] []
[2014-03-24 16:06:05] ConsoleTest::testAsk.INFO: PASSED [] []
[2014-03-24 16:06:05] ConsoleTest::testAskWithDefault.INFO: PASSED [] []
[2014-03-24 16:06:05] ConsoleTest::testUnderline.INFO: PASSED [] []
[2014-03-24 16:06:05] ConsoleTest::testUnderlineWithAnotherCharacter.INFO: PASSED [] []
[2014-03-24 16:06:05] OptionsTest::testConstruction.INFO: PASSED [] []
[2014-03-24 16:06:05] OptionsTest::testLoadingOfDefaults.INFO: PASSED [] []
[2014-03-24 16:06:05] RouterTest::testMe.INFO: PASSED [] []
[2014-03-24 16:09:22] ConsoleTest::testSay.INFO: PASSED [] []
[2014-03-24 16:09:22] ConsoleTest::testSayForeground.INFO: PASSED [] []
[2014-03-24 16:09:22] ConsoleTest::testSayForegroundWithBackground.INFO: PASSED [] []
[2014-03-24 16:09:22] ConsoleTest::testAsk.INFO: PASSED [] []
[2014-03-24 16:09:22] ConsoleTest::testAskWithDefault.INFO: PASSED [] []
[2014-03-24 16:09:22] ConsoleTest::testUnderline.INFO: PASSED [] []
[2014-03-24 16:09:22] ConsoleTest::testUnderlineWithAnotherCharacter.INFO: PASSED [] []
[2014-03-24 16:09:22] OptionsTest::testConstruction.INFO: PASSED [] []
[2014-03-24 16:09:22] OptionsTest::testLoadingOfDefaults.ALERT: Failed asserting that null matches expected 'bar'. [] []
[2014-03-24 16:09:22] OptionsTest::testLoadingOfDefaults.INFO: # FAILED # [] []
[2014-03-24 16:09:22] OptionsTest::testLoadingOfDefaults.INFO: PASSED [] []
[2014-03-24 16:09:22] RouterTest::testMe.INFO: PASSED [] []
[2014-03-24 16:10:00] ConsoleTest::testSay.INFO: PASSED [] []
[2014-03-24 16:10:00] ConsoleTest::testSayForeground.INFO: PASSED [] []
[2014-03-24 16:10:00] ConsoleTest::testSayForegroundWithBackground.INFO: PASSED [] []
[2014-03-24 16:10:00] ConsoleTest::testAsk.INFO: PASSED [] []
[2014-03-24 16:10:00] ConsoleTest::testAskWithDefault.INFO: PASSED [] []
[2014-03-24 16:10:00] ConsoleTest::testUnderline.INFO: PASSED [] []
[2014-03-24 16:10:00] ConsoleTest::testUnderlineWithAnotherCharacter.INFO: PASSED [] []
[2014-03-24 16:10:00] OptionsTest::testConstruction.INFO: PASSED [] []
[2014-03-24 16:10:00] OptionsTest::testLoadingOfDefaults.ALERT: Failed asserting that null matches expected 'bar'. [] []
[2014-03-24 16:10:00] OptionsTest::testLoadingOfDefaults.INFO: # FAILED # [] []
[2014-03-24 16:10:00] OptionsTest::testLoadingOfDefaults.INFO: PASSED [] []
[2014-03-24 16:10:00] RouterTest::testMe.INFO: PASSED [] []
[2014-03-24 16:10:35] ConsoleTest::testSay.INFO: PASSED [] []
[2014-03-24 16:10:35] ConsoleTest::testSayForeground.INFO: PASSED [] []
[2014-03-24 16:10:35] ConsoleTest::testSayForegroundWithBackground.INFO: PASSED [] []
[2014-03-24 16:10:35] ConsoleTest::testAsk.INFO: PASSED [] []
[2014-03-24 16:10:35] ConsoleTest::testAskWithDefault.INFO: PASSED [] []
[2014-03-24 16:10:35] ConsoleTest::testUnderline.INFO: PASSED [] []
[2014-03-24 16:10:35] ConsoleTest::testUnderlineWithAnotherCharacter.INFO: PASSED [] []
[2014-03-24 16:10:35] OptionsTest::testConstruction.INFO: PASSED [] []
[2014-03-24 16:10:35] OptionsTest::testLoadingOfDefaults.ALERT: Failed asserting that null matches expected 'bar'. [] []
[2014-03-24 16:10:35] OptionsTest::testLoadingOfDefaults.INFO: # FAILED # [] []
[2014-03-24 16:10:35] OptionsTest::testLoadingOfDefaults.INFO: PASSED [] []
[2014-03-24 16:10:35] RouterTest::testMe.INFO: PASSED [] []
[2014-03-24 16:11:22] ConsoleTest::testSay.INFO: PASSED [] []
[2014-03-24 16:11:22] ConsoleTest::testSayForeground.INFO: PASSED [] []
[2014-03-24 16:11:22] ConsoleTest::testSayForegroundWithBackground.INFO: PASSED [] []
[2014-03-24 16:11:22] ConsoleTest::testAsk.INFO: PASSED [] []
[2014-03-24 16:11:22] ConsoleTest::testAskWithDefault.INFO: PASSED [] []
[2014-03-24 16:11:22] ConsoleTest::testUnderline.INFO: PASSED [] []
[2014-03-24 16:11:22] ConsoleTest::testUnderlineWithAnotherCharacter.INFO: PASSED [] []
[2014-03-24 16:11:22] OptionsTest::testConstruction.INFO: PASSED [] []
[2014-03-24 16:11:22] OptionsTest::testLoadingOfDefaults.ALERT: Failed asserting that null matches expected 'bar'. [] []
[2014-03-24 16:11:22] OptionsTest::testLoadingOfDefaults.INFO: # FAILED # [] []
[2014-03-24 16:11:22] OptionsTest::testLoadingOfDefaults.INFO: PASSED [] []
[2014-03-24 16:11:22] RouterTest::testMe.INFO: PASSED [] []
[2014-03-24 16:11:42] ConsoleTest::testSay.INFO: PASSED [] []
[2014-03-24 16:11:42] ConsoleTest::testSayForeground.INFO: PASSED [] []
[2014-03-24 16:11:42] ConsoleTest::testSayForegroundWithBackground.INFO: PASSED [] []
[2014-03-24 16:11:42] ConsoleTest::testAsk.INFO: PASSED [] []
[2014-03-24 16:11:42] ConsoleTest::testAskWithDefault.INFO: PASSED [] []
[2014-03-24 16:11:42] ConsoleTest::testUnderline.INFO: PASSED [] []
[2014-03-24 16:11:42] ConsoleTest::testUnderlineWithAnotherCharacter.INFO: PASSED [] []
[2014-03-24 16:11:42] OptionsTest::testConstruction.INFO: PASSED [] []
[2014-03-24 16:11:42] OptionsTest::testLoadingOfDefaults.ALERT: Failed asserting that null matches expected 'bar'. [] []
[2014-03-24 16:11:42] OptionsTest::testLoadingOfDefaults.INFO: # FAILED # [] []
[2014-03-24 16:11:42] OptionsTest::testLoadingOfDefaults.INFO: PASSED [] []
[2014-03-24 16:11:42] RouterTest::testMe.INFO: PASSED [] []
[2014-03-24 16:12:17] ConsoleTest::testSay.INFO: PASSED [] []
[2014-03-24 16:12:17] ConsoleTest::testSayForeground.INFO: PASSED [] []
[2014-03-24 16:12:17] ConsoleTest::testSayForegroundWithBackground.INFO: PASSED [] []
[2014-03-24 16:12:17] ConsoleTest::testAsk.INFO: PASSED [] []
[2014-03-24 16:12:17] ConsoleTest::testAskWithDefault.INFO: PASSED [] []
[2014-03-24 16:12:17] ConsoleTest::testUnderline.INFO: PASSED [] []
[2014-03-24 16:12:17] ConsoleTest::testUnderlineWithAnotherCharacter.INFO: PASSED [] []
[2014-03-24 16:12:17] OptionsTest::testConstruction.INFO: PASSED [] []
[2014-03-24 16:12:17] OptionsTest::testLoadingOfDefaults.ALERT: Failed asserting that null matches expected 'bar'. [] []
[2014-03-24 16:12:17] OptionsTest::testLoadingOfDefaults.INFO: # FAILED # [] []
[2014-03-24 16:12:17] OptionsTest::testLoadingOfDefaults.INFO: PASSED [] []
[2014-03-24 16:12:17] RouterTest::testMe.INFO: PASSED [] []
[2014-03-24 16:13:18] ConsoleTest::testSay.INFO: PASSED [] []
[2014-03-24 16:13:18] ConsoleTest::testSayForeground.INFO: PASSED [] []
[2014-03-24 16:13:18] ConsoleTest::testSayForegroundWithBackground.INFO: PASSED [] []
[2014-03-24 16:13:18] ConsoleTest::testAsk.INFO: PASSED [] []
[2014-03-24 16:13:18] ConsoleTest::testAskWithDefault.INFO: PASSED [] []
[2014-03-24 16:13:18] ConsoleTest::testUnderline.INFO: PASSED [] []
[2014-03-24 16:13:18] ConsoleTest::testUnderlineWithAnotherCharacter.INFO: PASSED [] []
[2014-03-24 16:13:18] OptionsTest::testConstruction.INFO: PASSED [] []
[2014-03-24 16:13:18] OptionsTest::testLoadingOfDefaults.ALERT: Failed asserting that null matches expected 'bar'. [] []
[2014-03-24 16:13:18] OptionsTest::testLoadingOfDefaults.INFO: # FAILED # [] []
[2014-03-24 16:13:18] OptionsTest::testLoadingOfDefaults.INFO: PASSED [] []
[2014-03-24 16:13:18] RouterTest::testMe.INFO: PASSED [] []
[2014-03-24 16:14:28] ConsoleTest::testSay.INFO: PASSED [] []
[2014-03-24 16:14:28] ConsoleTest::testSayForeground.INFO: PASSED [] []
[2014-03-24 16:14:28] ConsoleTest::testSayForegroundWithBackground.INFO: PASSED [] []
[2014-03-24 16:14:28] ConsoleTest::testAsk.INFO: PASSED [] []
[2014-03-24 16:14:28] ConsoleTest::testAskWithDefault.INFO: PASSED [] []
[2014-03-24 16:14:28] ConsoleTest::testUnderline.INFO: PASSED [] []
[2014-03-24 16:14:28] ConsoleTest::testUnderlineWithAnotherCharacter.INFO: PASSED [] []
[2014-03-24 16:14:28] OptionsTest::testConstruction.INFO: PASSED [] []
[2014-03-24 16:14:28] OptionsTest::testLoadingOfDefaults.ALERT: Failed asserting that null matches expected 'bar'. [] []
[2014-03-24 16:14:28] OptionsTest::testLoadingOfDefaults.INFO: # FAILED # [] []
[2014-03-24 16:14:28] OptionsTest::testLoadingOfDefaults.INFO: PASSED [] []
[2014-03-24 16:14:28] RouterTest::testMe.INFO: PASSED [] []
[2014-03-24 16:18:02] ConsoleTest::testSay.INFO: PASSED [] []
[2014-03-24 16:18:02] ConsoleTest::testSayForeground.INFO: PASSED [] []
[2014-03-24 16:18:02] ConsoleTest::testSayForegroundWithBackground.INFO: PASSED [] []
[2014-03-24 16:18:02] ConsoleTest::testAsk.INFO: PASSED [] []
[2014-03-24 16:18:02] ConsoleTest::testAskWithDefault.INFO: PASSED [] []
[2014-03-24 16:18:02] ConsoleTest::testUnderline.INFO: PASSED [] []
[2014-03-24 16:18:02] ConsoleTest::testUnderlineWithAnotherCharacter.INFO: PASSED [] []
[2014-03-24 16:18:02] OptionsTest::testConstruction.INFO: PASSED [] []
[2014-03-24 16:18:02] OptionsTest::testLoadingOfDefaults.ALERT: Failed asserting that null matches expected 'bar'. [] []
[2014-03-24 16:18:02] OptionsTest::testLoadingOfDefaults.INFO: # FAILED # [] []
[2014-03-24 16:18:02] OptionsTest::testLoadingOfDefaults.INFO: PASSED [] []
[2014-03-24 16:18:02] RouterTest::testMe.INFO: PASSED [] []
